D:\EIGENE DATEI\DOCUMENTS\VISUAL STUDIO 2012\XXHARCS CS 1.6 MULTIHACK\XXHARCS CS 1.6 MULTIHACK\RELEASE\STRINGFINDER.OBJ
D:\EIGENE DATEI\DOCUMENTS\VISUAL STUDIO 2012\XXHARCS CS 1.6 MULTIHACK\XXHARCS CS 1.6 MULTIHACK\RELEASE\MODULESECURITY.OBJ
D:\EIGENE DATEI\DOCUMENTS\VISUAL STUDIO 2012\XXHARCS CS 1.6 MULTIHACK\XXHARCS CS 1.6 MULTIHACK\RELEASE\UTILS.OBJ
D:\EIGENE DATEI\DOCUMENTS\VISUAL STUDIO 2012\XXHARCS CS 1.6 MULTIHACK\XXHARCS CS 1.6 MULTIHACK\RELEASE\SPLICE.OBJ
D:\EIGENE DATEI\DOCUMENTS\VISUAL STUDIO 2012\XXHARCS CS 1.6 MULTIHACK\XXHARCS CS 1.6 MULTIHACK\RELEASE\PARSEMSG.OBJ
D:\EIGENE DATEI\DOCUMENTS\VISUAL STUDIO 2012\XXHARCS CS 1.6 MULTIHACK\XXHARCS CS 1.6 MULTIHACK\RELEASE\ENGINE.OBJ
D:\EIGENE DATEI\DOCUMENTS\VISUAL STUDIO 2012\XXHARCS CS 1.6 MULTIHACK\XXHARCS CS 1.6 MULTIHACK\RELEASE\MAIN.OBJ
D:\EIGENE DATEI\DOCUMENTS\VISUAL STUDIO 2012\XXHARCS CS 1.6 MULTIHACK\XXHARCS CS 1.6 MULTIHACK\RELEASE\WEAPONLIST.OBJ
D:\EIGENE DATEI\DOCUMENTS\VISUAL STUDIO 2012\XXHARCS CS 1.6 MULTIHACK\XXHARCS CS 1.6 MULTIHACK\RELEASE\TEXTURES.OBJ
D:\EIGENE DATEI\DOCUMENTS\VISUAL STUDIO 2012\XXHARCS CS 1.6 MULTIHACK\XXHARCS CS 1.6 MULTIHACK\RELEASE\PLAYERS.OBJ
D:\EIGENE DATEI\DOCUMENTS\VISUAL STUDIO 2012\XXHARCS CS 1.6 MULTIHACK\XXHARCS CS 1.6 MULTIHACK\RELEASE\PLAYERITEMS.OBJ
D:\EIGENE DATEI\DOCUMENTS\VISUAL STUDIO 2012\XXHARCS CS 1.6 MULTIHACK\XXHARCS CS 1.6 MULTIHACK\RELEASE\PERFECTWALL.OBJ
D:\EIGENE DATEI\DOCUMENTS\VISUAL STUDIO 2012\XXHARCS CS 1.6 MULTIHACK\XXHARCS CS 1.6 MULTIHACK\RELEASE\OPENGL.OBJ
D:\EIGENE DATEI\DOCUMENTS\VISUAL STUDIO 2012\XXHARCS CS 1.6 MULTIHACK\XXHARCS CS 1.6 MULTIHACK\RELEASE\NOSPREAD.OBJ
D:\EIGENE DATEI\DOCUMENTS\VISUAL STUDIO 2012\XXHARCS CS 1.6 MULTIHACK\XXHARCS CS 1.6 MULTIHACK\RELEASE\NORECOIL.OBJ
D:\EIGENE DATEI\DOCUMENTS\VISUAL STUDIO 2012\XXHARCS CS 1.6 MULTIHACK\XXHARCS CS 1.6 MULTIHACK\RELEASE\INSTALL.OBJ
D:\EIGENE DATEI\DOCUMENTS\VISUAL STUDIO 2012\XXHARCS CS 1.6 MULTIHACK\XXHARCS CS 1.6 MULTIHACK\RELEASE\HANDLERS.OBJ
D:\EIGENE DATEI\DOCUMENTS\VISUAL STUDIO 2012\XXHARCS CS 1.6 MULTIHACK\XXHARCS CS 1.6 MULTIHACK\RELEASE\GAMEHOOKING.OBJ
D:\EIGENE DATEI\DOCUMENTS\VISUAL STUDIO 2012\XXHARCS CS 1.6 MULTIHACK\XXHARCS CS 1.6 MULTIHACK\RELEASE\EVENTHOOK.OBJ
D:\EIGENE DATEI\DOCUMENTS\VISUAL STUDIO 2012\XXHARCS CS 1.6 MULTIHACK\XXHARCS CS 1.6 MULTIHACK\RELEASE\AIMBOT.OBJ
D:\EIGENE DATEI\DOCUMENTS\VISUAL STUDIO 2012\XXHARCS CS 1.6 MULTIHACK\XXHARCS CS 1.6 MULTIHACK\RELEASE\VC110.PDB
D:\EIGENE DATEI\DOCUMENTS\VISUAL STUDIO 2012\XXHARCS CS 1.6 MULTIHACK\RELEASE\HARCS.DLL
D:\EIGENE DATEI\DOCUMENTS\VISUAL STUDIO 2012\XXHARCS CS 1.6 MULTIHACK\RELEASE\HARCS.PDB
D:\Eigene Datei\Documents\Visual Studio 2012\XxharCs CS 1.6 MultiHack\XxharCs CS 1.6 MultiHack\Release\Aimbot.obj
D:\Eigene Datei\Documents\Visual Studio 2012\XxharCs CS 1.6 MultiHack\XxharCs CS 1.6 MultiHack\Release\engine.obj
D:\Eigene Datei\Documents\Visual Studio 2012\XxharCs CS 1.6 MultiHack\XxharCs CS 1.6 MultiHack\Release\eventhook.obj
D:\Eigene Datei\Documents\Visual Studio 2012\XxharCs CS 1.6 MultiHack\XxharCs CS 1.6 MultiHack\Release\gamehooking.obj
D:\Eigene Datei\Documents\Visual Studio 2012\XxharCs CS 1.6 MultiHack\XxharCs CS 1.6 MultiHack\Release\handlers.obj
D:\Eigene Datei\Documents\Visual Studio 2012\XxharCs CS 1.6 MultiHack\XxharCs CS 1.6 MultiHack\Release\install.obj
D:\Eigene Datei\Documents\Visual Studio 2012\XxharCs CS 1.6 MultiHack\XxharCs CS 1.6 MultiHack\Release\main.obj
D:\Eigene Datei\Documents\Visual Studio 2012\XxharCs CS 1.6 MultiHack\XxharCs CS 1.6 MultiHack\Release\ModuleSecurity.obj
D:\Eigene Datei\Documents\Visual Studio 2012\XxharCs CS 1.6 MultiHack\XxharCs CS 1.6 MultiHack\Release\NoRecoil.obj
D:\Eigene Datei\Documents\Visual Studio 2012\XxharCs CS 1.6 MultiHack\XxharCs CS 1.6 MultiHack\Release\NoSpread.obj
D:\Eigene Datei\Documents\Visual Studio 2012\XxharCs CS 1.6 MultiHack\XxharCs CS 1.6 MultiHack\Release\opengl.obj
D:\Eigene Datei\Documents\Visual Studio 2012\XxharCs CS 1.6 MultiHack\XxharCs CS 1.6 MultiHack\Release\parsemsg.obj
D:\Eigene Datei\Documents\Visual Studio 2012\XxharCs CS 1.6 MultiHack\XxharCs CS 1.6 MultiHack\Release\perfectwall.obj
D:\Eigene Datei\Documents\Visual Studio 2012\XxharCs CS 1.6 MultiHack\XxharCs CS 1.6 MultiHack\Release\playeritems.obj
D:\Eigene Datei\Documents\Visual Studio 2012\XxharCs CS 1.6 MultiHack\XxharCs CS 1.6 MultiHack\Release\players.obj
D:\Eigene Datei\Documents\Visual Studio 2012\XxharCs CS 1.6 MultiHack\XxharCs CS 1.6 MultiHack\Release\splice.obj
D:\Eigene Datei\Documents\Visual Studio 2012\XxharCs CS 1.6 MultiHack\XxharCs CS 1.6 MultiHack\Release\stringfinder.obj
D:\Eigene Datei\Documents\Visual Studio 2012\XxharCs CS 1.6 MultiHack\XxharCs CS 1.6 MultiHack\Release\textures.obj
D:\Eigene Datei\Documents\Visual Studio 2012\XxharCs CS 1.6 MultiHack\XxharCs CS 1.6 MultiHack\Release\utils.obj
D:\Eigene Datei\Documents\Visual Studio 2012\XxharCs CS 1.6 MultiHack\XxharCs CS 1.6 MultiHack\Release\weaponlist.obj
D:\Eigene Datei\Documents\Visual Studio 2012\XxharCs CS 1.6 MultiHack\XxharCs CS 1.6 MultiHack\Release\cl.command.1.tlog
D:\Eigene Datei\Documents\Visual Studio 2012\XxharCs CS 1.6 MultiHack\XxharCs CS 1.6 MultiHack\Release\CL.read.1.tlog
D:\Eigene Datei\Documents\Visual Studio 2012\XxharCs CS 1.6 MultiHack\XxharCs CS 1.6 MultiHack\Release\CL.write.1.tlog
D:\Eigene Datei\Documents\Visual Studio 2012\XxharCs CS 1.6 MultiHack\XxharCs CS 1.6 MultiHack\Release\link.command.1.tlog
D:\Eigene Datei\Documents\Visual Studio 2012\XxharCs CS 1.6 MultiHack\XxharCs CS 1.6 MultiHack\Release\link.read.1.tlog
D:\Eigene Datei\Documents\Visual Studio 2012\XxharCs CS 1.6 MultiHack\XxharCs CS 1.6 MultiHack\Release\link.write.1.tlog
D:\Eigene Datei\Documents\Visual Studio 2012\XxharCs CS 1.6 MultiHack\XxharCs CS 1.6 MultiHack\Release\vc110.pdb
D:\Eigene Datei\Documents\Visual Studio 2012\XxharCs CS 1.6 MultiHack\Release\harCs.pdb
D:\Eigene Datei\Documents\Visual Studio 2012\XxharCs CS 1.6 MultiHack\Release\harCs.dll
